{"numFailedTestSuites":0,"numFailedTests":0,"numPassedTestSuites":9,"numPassedTests":68,"numPendingTestSuites":0,"numPendingTests":0,"numRuntimeErrorTestSuites":0,"numTodoTests":0,"numTotalTestSuites":9,"numTotalTests":68,"openHandles":[],"snapshot":{"added":0,"didUpdate":false,"failure":false,"filesAdded":0,"filesRemoved":0,"filesRemovedList":[],"filesUnmatched":0,"filesUpdated":0,"matched":0,"total":0,"unchecked":0,"uncheckedKeysByFile":[],"unmatched":0,"updated":0},"startTime":1781523184030,"success":true,"testResults":[{"assertionResults":[{"ancestorTitles":["UC-08 | Alerts & Notifications – Create Alert Config"],"duration":65,"failureDetails":[],"failureMessages":[],"fullName":"UC-08 | Alerts & Notifications – Create Alert Config TC55 – Create user alert settings returns 200 or 201","invocations":1,"location":null,"numPassingAsserts":1,"retryReasons":[],"status":"passed","title":"TC55 – Create user alert settings returns 200 or 201"},{"ancestorTitles":["UC-08 | Alerts & Notifications – Create Alert Config"],"duration":11,"failureDetails":[],"failureMessages":[],"fullName":"UC-08 | Alerts & Notifications – Create Alert Config TC56 – Alert creation without user_id returns 400 or 500","invocations":1,"location":null,"numPassingAsserts":1,"retryReasons":[],"status":"passed","title":"TC56 – Alert creation without user_id returns 400 or 500"},{"ancestorTitles":["UC-08 | Alerts & Notifications – Update Alert"],"duration":25,"failureDetails":[],"failureMessages":[],"fullName":"UC-08 | Alerts & Notifications – Update Alert TC57 – Update alert settings returns 200","invocations":1,"location":null,"numPassingAsserts":1,"retryReasons":[],"status":"passed","title":"TC57 – Update alert settings returns 200"},{"ancestorTitles":["UC-08 | Alerts & Notifications – Notification Delivery"],"duration":2231,"failureDetails":[],"failureMessages":[],"fullName":"UC-08 | Alerts & Notifications – Notification Delivery TC58 – OTP email (notification delivery) triggers without error","invocations":1,"location":null,"numPassingAsserts":2,"retryReasons":[],"status":"passed","title":"TC58 – OTP email (notification delivery) triggers without error"},{"ancestorTitles":["UC-08 | Alerts & Notifications – Notification Delivery"],"duration":2095,"failureDetails":[],"failureMessages":[],"fullName":"UC-08 | Alerts & Notifications – Notification Delivery TC59 – Alert condition trigger (OTP verify) handled correctly","invocations":1,"location":null,"numPassingAsserts":2,"retryReasons":[],"status":"passed","title":"TC59 – Alert condition trigger (OTP verify) handled correctly"},{"ancestorTitles":["UC-08 | Alerts & Notifications – Notification Delivery"],"duration":5,"failureDetails":[],"failureMessages":[],"fullName":"UC-08 | Alerts & Notifications – Notification Delivery TC60 – Missing email on OTP send returns 400","invocations":1,"location":null,"numPassingAsserts":1,"retryReasons":[],"status":"passed","title":"TC60 – Missing email on OTP send returns 400"}],"endTime":1781523191027,"message":"","name":"C:\\Users\\Qadri Laptop\\OneDrive\\Documents\\stratify_updated\\Stratify\\tests\\api\\uc08.alerts.test.js","startTime":1781523184096,"status":"passed","summary":""},{"assertionResults":[{"ancestorTitles":["UC-01 | User Registration"],"duration":164,"failureDetails":[],"failureMessages":[],"fullName":"UC-01 | User Registration TC01 – Valid user registration returns 201","invocations":1,"location":null,"numPassingAsserts":3,"retryReasons":[],"status":"passed","title":"TC01 – Valid user registration returns 201"},{"ancestorTitles":["UC-01 | User Registration"],"duration":13,"failureDetails":[],"failureMessages":[],"fullName":"UC-01 | User Registration TC02 – Duplicate email returns 409 or 400","invocations":1,"location":null,"numPassingAsserts":1,"retryReasons":[],"status":"passed","title":"TC02 – Duplicate email returns 409 or 400"},{"ancestorTitles":["UC-01 | User Login"],"duration":122,"failureDetails":[],"failureMessages":[],"fullName":"UC-01 | User Login TC03 – Valid login returns 200 with token","invocations":1,"location":null,"numPassingAsserts":2,"retryReasons":[],"status":"passed","title":"TC03 – Valid login returns 200 with token"},{"ancestorTitles":["UC-01 | User Login"],"duration":106,"failureDetails":[],"failureMessages":[],"fullName":"UC-01 | User Login TC04 – Invalid password returns 401 or 400","invocations":1,"location":null,"numPassingAsserts":1,"retryReasons":[],"status":"passed","title":"TC04 – Invalid password returns 401 or 400"},{"ancestorTitles":["UC-01 | User Login"],"duration":6,"failureDetails":[],"failureMessages":[],"fullName":"UC-01 | User Login TC05 – Missing credentials returns 400","invocations":1,"location":null,"numPassingAsserts":1,"retryReasons":[],"status":"passed","title":"TC05 – Missing credentials returns 400"},{"ancestorTitles":["UC-01 | Email Check"],"duration":15,"failureDetails":[],"failureMessages":[],"fullName":"UC-01 | Email Check TC06 – Check existing email returns 200","invocations":1,"location":null,"numPassingAsserts":1,"retryReasons":[],"status":"passed","title":"TC06 – Check existing email returns 200"},{"ancestorTitles":["UC-01 | Email Check"],"duration":11,"failureDetails":[],"failureMessages":[],"fullName":"UC-01 | Email Check TC07 – Check non-existing email returns 404 or 200 with flag","invocations":1,"location":null,"numPassingAsserts":1,"retryReasons":[],"status":"passed","title":"TC07 – Check non-existing email returns 404 or 200 with flag"},{"ancestorTitles":["UC-01 | OTP Flow"],"duration":3537,"failureDetails":[],"failureMessages":[],"fullName":"UC-01 | OTP Flow TC08 – Send OTP for TRADER role returns 200","invocations":1,"location":null,"numPassingAsserts":2,"retryReasons":[],"status":"passed","title":"TC08 – Send OTP for TRADER role returns 200"},{"ancestorTitles":["UC-01 | OTP Flow"],"duration":3596,"failureDetails":[],"failureMessages":[],"fullName":"UC-01 | OTP Flow TC09 – Verify OTP with correct code returns 200","invocations":1,"location":null,"numPassingAsserts":2,"retryReasons":[],"status":"passed","title":"TC09 – Verify OTP with correct code returns 200"},{"ancestorTitles":["UC-01 | OTP Flow"],"duration":6,"failureDetails":[],"failureMessages":[],"fullName":"UC-01 | OTP Flow TC10 – Verify OTP with missing fields returns 400","invocations":1,"location":null,"numPassingAsserts":1,"retryReasons":[],"status":"passed","title":"TC10 – Verify OTP with missing fields returns 400"}],"endTime":1781523199129,"message":"","name":"C:\\Users\\Qadri Laptop\\OneDrive\\Documents\\stratify_updated\\Stratify\\tests\\api\\uc01.login.test.js","startTime":1781523191058,"status":"passed","summary":""},{"assertionResults":[{"ancestorTitles":["UC-09 | Admin – Data Views"],"duration":19,"failureDetails":[],"failureMessages":[],"fullName":"UC-09 | Admin – Data Views TC61 – Admin fetches all users returns 200 with array","invocations":1,"location":null,"numPassingAsserts":3,"retryReasons":[],"status":"passed","title":"TC61 – Admin fetches all users returns 200 with array"},{"ancestorTitles":["UC-09 | Admin – Data Views"],"duration":9,"failureDetails":[],"failureMessages":[],"fullName":"UC-09 | Admin – Data Views TC62 – Admin fetches all strategies returns 200","invocations":1,"location":null,"numPassingAsserts":1,"retryReasons":[],"status":"passed","title":"TC62 – Admin fetches all strategies returns 200"},{"ancestorTitles":["UC-09 | Admin – Data Views"],"duration":12,"failureDetails":[],"failureMessages":[],"fullName":"UC-09 | Admin – Data Views TC63 – Admin fetches audit logs returns 200","invocations":1,"location":null,"numPassingAsserts":2,"retryReasons":[],"status":"passed","title":"TC63 – Admin fetches audit logs returns 200"},{"ancestorTitles":["UC-09 | Admin – User Deletion (Cascade)"],"duration":35,"failureDetails":[],"failureMessages":[],"fullName":"UC-09 | Admin – User Deletion (Cascade) TC64 – Admin deletes user, cascade removes related data","invocations":1,"location":null,"numPassingAsserts":2,"retryReasons":[],"status":"passed","title":"TC64 – Admin deletes user, cascade removes related data"},{"ancestorTitles":["UC-09 | Admin – User Deletion (Cascade)"],"duration":11,"failureDetails":[],"failureMessages":[],"fullName":"UC-09 | Admin – User Deletion (Cascade) TC65 – Delete non-existent user returns 404","invocations":1,"location":null,"numPassingAsserts":2,"retryReasons":[],"status":"passed","title":"TC65 – Delete non-existent user returns 404"},{"ancestorTitles":["UC-09 | Admin – Authentication"],"duration":9,"failureDetails":[],"failureMessages":[],"fullName":"UC-09 | Admin – Authentication TC66 – Unauthorized access without auth header still reaches route (no middleware guard)","invocations":1,"location":null,"numPassingAsserts":1,"retryReasons":[],"status":"passed","title":"TC66 – Unauthorized access without auth header still reaches route (no middleware guard)"},{"ancestorTitles":["UC-09 | Admin – Authentication"],"duration":130,"failureDetails":[],"failureMessages":[],"fullName":"UC-09 | Admin – Authentication TC67 – Admin login via /api/user/login returns token","invocations":1,"location":null,"numPassingAsserts":3,"retryReasons":[],"status":"passed","title":"TC67 – Admin login via /api/user/login returns token"},{"ancestorTitles":["UC-09 | Admin – Authentication"],"duration":115,"failureDetails":[],"failureMessages":[],"fullName":"UC-09 | Admin – Authentication TC68 – Admin registration via signup (ADMIN role) returns 201","invocations":1,"location":null,"numPassingAsserts":1,"retryReasons":[],"status":"passed","title":"TC68 – Admin registration via signup (ADMIN role) returns 201"}],"endTime":1781523200291,"message":"","name":"C:\\Users\\Qadri Laptop\\OneDrive\\Documents\\stratify_updated\\Stratify\\tests\\api\\uc09.admin.test.js","startTime":1781523199144,"status":"passed","summary":""},{"assertionResults":[{"ancestorTitles":["UC-02 | Create Strategy"],"duration":31,"failureDetails":[],"failureMessages":[],"fullName":"UC-02 | Create Strategy TC11 – Valid strategy creation returns 201","invocations":1,"location":null,"numPassingAsserts":2,"retryReasons":[],"status":"passed","title":"TC11 – Valid strategy creation returns 201"},{"ancestorTitles":["UC-02 | Create Strategy"],"duration":13,"failureDetails":[],"failureMessages":[],"fullName":"UC-02 | Create Strategy TC12 – Empty strategy input returns 400","invocations":1,"location":null,"numPassingAsserts":1,"retryReasons":[],"status":"passed","title":"TC12 – Empty strategy input returns 400"},{"ancestorTitles":["UC-02 | Parse Plain-English Strategy"],"duration":54,"failureDetails":[],"failureMessages":[],"fullName":"UC-02 | Parse Plain-English Strategy TC13 – Valid plain-English input returns parsed rules","invocations":1,"location":null,"numPassingAsserts":1,"retryReasons":[],"status":"passed","title":"TC13 – Valid plain-English input returns parsed rules"},{"ancestorTitles":["UC-02 | Parse Plain-English Strategy"],"duration":38,"failureDetails":[],"failureMessages":[],"fullName":"UC-02 | Parse Plain-English Strategy TC14 – Gibberish input returns error or empty rules","invocations":1,"location":null,"numPassingAsserts":1,"retryReasons":[],"status":"passed","title":"TC14 – Gibberish input returns error or empty rules"},{"ancestorTitles":["UC-02 | Strategy Retrieval"],"duration":13,"failureDetails":[],"failureMessages":[],"fullName":"UC-02 | Strategy Retrieval TC15 – Get strategies by user ID returns array","invocations":1,"location":null,"numPassingAsserts":2,"retryReasons":[],"status":"passed","title":"TC15 – Get strategies by user ID returns array"},{"ancestorTitles":["UC-02 | Strategy Retrieval"],"duration":11,"failureDetails":[],"failureMessages":[],"fullName":"UC-02 | Strategy Retrieval TC16 – Get strategy by valid ID returns 200","invocations":1,"location":null,"numPassingAsserts":2,"retryReasons":[],"status":"passed","title":"TC16 – Get strategy by valid ID returns 200"},{"ancestorTitles":["UC-02 | Strategy Retrieval"],"duration":135,"failureDetails":[],"failureMessages":[],"fullName":"UC-02 | Strategy Retrieval TC17 – Get strategy by invalid ID returns 400 or 404","invocations":1,"location":null,"numPassingAsserts":1,"retryReasons":[],"status":"passed","title":"TC17 – Get strategy by invalid ID returns 400 or 404"},{"ancestorTitles":["UC-02 | Strategy Update & Delete"],"duration":19,"failureDetails":[],"failureMessages":[],"fullName":"UC-02 | Strategy Update & Delete TC18 – Update strategy by ID returns updated document","invocations":1,"location":null,"numPassingAsserts":1,"retryReasons":[],"status":"passed","title":"TC18 – Update strategy by ID returns updated document"},{"ancestorTitles":["UC-02 | Strategy Update & Delete"],"duration":11,"failureDetails":[],"failureMessages":[],"fullName":"UC-02 | Strategy Update & Delete TC19 – Delete strategy by valid ID returns 200","invocations":1,"location":null,"numPassingAsserts":1,"retryReasons":[],"status":"passed","title":"TC19 – Delete strategy by valid ID returns 200"}],"endTime":1781523201340,"message":"","name":"C:\\Users\\Qadri Laptop\\OneDrive\\Documents\\stratify_updated\\Stratify\\tests\\api\\uc02.strategy.test.js","startTime":1781523200302,"status":"passed","summary":""},{"assertionResults":[{"ancestorTitles":["UC-06 | Community Hub – Create Posts"],"duration":45,"failureDetails":[],"failureMessages":[],"fullName":"UC-06 | Community Hub – Create Posts TC36 – Valid post creation returns 201","invocations":1,"location":null,"numPassingAsserts":1,"retryReasons":[],"status":"passed","title":"TC36 – Valid post creation returns 201"},{"ancestorTitles":["UC-06 | Community Hub – Create Posts"],"duration":12,"failureDetails":[],"failureMessages":[],"fullName":"UC-06 | Community Hub – Create Posts TC37 – Missing required fields returns 400 or 500","invocations":1,"location":null,"numPassingAsserts":1,"retryReasons":[],"status":"passed","title":"TC37 – Missing required fields returns 400 or 500"},{"ancestorTitles":["UC-06 | Community Hub – Retrieve Posts"],"duration":20,"failureDetails":[],"failureMessages":[],"fullName":"UC-06 | Community Hub – Retrieve Posts TC38 – Fetch all posts returns array","invocations":1,"location":null,"numPassingAsserts":2,"retryReasons":[],"status":"passed","title":"TC38 – Fetch all posts returns array"},{"ancestorTitles":["UC-06 | Community Hub – Retrieve Posts"],"duration":12,"failureDetails":[],"failureMessages":[],"fullName":"UC-06 | Community Hub – Retrieve Posts TC39 – Fetch featured posts endpoint is reachable","invocations":1,"location":null,"numPassingAsserts":1,"retryReasons":[],"status":"passed","title":"TC39 – Fetch featured posts endpoint is reachable"},{"ancestorTitles":["UC-06 | Community Hub – Retrieve Posts"],"duration":17,"failureDetails":[],"failureMessages":[],"fullName":"UC-06 | Community Hub – Retrieve Posts TC40 – Fetch post by valid ID returns 200","invocations":1,"location":null,"numPassingAsserts":2,"retryReasons":[],"status":"passed","title":"TC40 – Fetch post by valid ID returns 200"},{"ancestorTitles":["UC-06 | Community Hub – Retrieve Posts"],"duration":22,"failureDetails":[],"failureMessages":[],"fullName":"UC-06 | Community Hub – Retrieve Posts TC41 – Fetch posts by user returns list","invocations":1,"location":null,"numPassingAsserts":1,"retryReasons":[],"status":"passed","title":"TC41 – Fetch posts by user returns list"},{"ancestorTitles":["UC-06 | Community Hub – Interaction"],"duration":20,"failureDetails":[],"failureMessages":[],"fullName":"UC-06 | Community Hub – Interaction TC42 – Vote on a post returns updated vote count","invocations":1,"location":null,"numPassingAsserts":1,"retryReasons":[],"status":"passed","title":"TC42 – Vote on a post returns updated vote count"},{"ancestorTitles":["UC-06 | Community Hub – Interaction"],"duration":18,"failureDetails":[],"failureMessages":[],"fullName":"UC-06 | Community Hub – Interaction TC43 – Update post content returns 200","invocations":1,"location":null,"numPassingAsserts":1,"retryReasons":[],"status":"passed","title":"TC43 – Update post content returns 200"},{"ancestorTitles":["UC-06 | Community Hub – Interaction"],"duration":14,"failureDetails":[],"failureMessages":[],"fullName":"UC-06 | Community Hub – Interaction TC44 – Delete post by ID returns 200","invocations":1,"location":null,"numPassingAsserts":1,"retryReasons":[],"status":"passed","title":"TC44 – Delete post by ID returns 200"},{"ancestorTitles":["UC-06 | Community Hub – Interaction"],"duration":12,"failureDetails":[],"failureMessages":[],"fullName":"UC-06 | Community Hub – Interaction TC45 – Fetch posts from empty feed returns 404 or empty array","invocations":1,"location":null,"numPassingAsserts":1,"retryReasons":[],"status":"passed","title":"TC45 – Fetch posts from empty feed returns 404 or empty array"}],"endTime":1781523202301,"message":"","name":"C:\\Users\\Qadri Laptop\\OneDrive\\Documents\\stratify_updated\\Stratify\\tests\\api\\uc06.community.test.js","startTime":1781523201357,"status":"passed","summary":""},{"assertionResults":[{"ancestorTitles":["UC-05 | Performance Dashboard"],"duration":21,"failureDetails":[],"failureMessages":[],"fullName":"UC-05 | Performance Dashboard TC31 – Fetch backtests by user_id (dashboard primary data)","invocations":1,"location":null,"numPassingAsserts":1,"retryReasons":[],"status":"passed","title":"TC31 – Fetch backtests by user_id (dashboard primary data)"},{"ancestorTitles":["UC-05 | Performance Dashboard"],"duration":14,"failureDetails":[],"failureMessages":[],"fullName":"UC-05 | Performance Dashboard TC32 – Empty dashboard state returns 404 with descriptive message","invocations":1,"location":null,"numPassingAsserts":2,"retryReasons":[],"status":"passed","title":"TC32 – Empty dashboard state returns 404 with descriptive message"},{"ancestorTitles":["UC-05 | Performance Dashboard"],"duration":15,"failureDetails":[],"failureMessages":[],"fullName":"UC-05 | Performance Dashboard TC33 – Fetch strategies by user_id returns list","invocations":1,"location":null,"numPassingAsserts":3,"retryReasons":[],"status":"passed","title":"TC33 – Fetch strategies by user_id returns list"},{"ancestorTitles":["UC-05 | Performance Dashboard"],"duration":12,"failureDetails":[],"failureMessages":[],"fullName":"UC-05 | Performance Dashboard TC34 – Fetch portfolios by user_id returns list or empty","invocations":1,"location":null,"numPassingAsserts":1,"retryReasons":[],"status":"passed","title":"TC34 – Fetch portfolios by user_id returns list or empty"},{"ancestorTitles":["UC-05 | Performance Dashboard"],"duration":21,"failureDetails":[],"failureMessages":[],"fullName":"UC-05 | Performance Dashboard TC35 – Fetch backtests by strategy_id (drilldown)","invocations":1,"location":null,"numPassingAsserts":1,"retryReasons":[],"status":"passed","title":"TC35 – Fetch backtests by strategy_id (drilldown)"}],"endTime":1781523203117,"message":"","name":"C:\\Users\\Qadri Laptop\\OneDrive\\Documents\\stratify_updated\\Stratify\\tests\\api\\uc05.dashboard.test.js","startTime":1781523202309,"status":"passed","summary":""},{"assertionResults":[{"ancestorTitles":["UC-07 | Portfolio Management – Create"],"duration":38,"failureDetails":[],"failureMessages":[],"fullName":"UC-07 | Portfolio Management – Create TC46 – Valid portfolio creation returns 201","invocations":1,"location":null,"numPassingAsserts":2,"retryReasons":[],"status":"passed","title":"TC46 – Valid portfolio creation returns 201"},{"ancestorTitles":["UC-07 | Portfolio Management – Create"],"duration":12,"failureDetails":[],"failureMessages":[],"fullName":"UC-07 | Portfolio Management – Create TC47 – Missing required fields returns 400","invocations":1,"location":null,"numPassingAsserts":1,"retryReasons":[],"status":"passed","title":"TC47 – Missing required fields returns 400"},{"ancestorTitles":["UC-07 | Portfolio Management – Retrieval"],"duration":19,"failureDetails":[],"failureMessages":[],"fullName":"UC-07 | Portfolio Management – Retrieval TC48 – Get all portfolios returns 200 or 404","invocations":1,"location":null,"numPassingAsserts":1,"retryReasons":[],"status":"passed","title":"TC48 – Get all portfolios returns 200 or 404"},{"ancestorTitles":["UC-07 | Portfolio Management – Retrieval"],"duration":14,"failureDetails":[],"failureMessages":[],"fullName":"UC-07 | Portfolio Management – Retrieval TC49 – Get portfolio by valid ID returns 200","invocations":1,"location":null,"numPassingAsserts":2,"retryReasons":[],"status":"passed","title":"TC49 – Get portfolio by valid ID returns 200"},{"ancestorTitles":["UC-07 | Portfolio Management – Retrieval"],"duration":16,"failureDetails":[],"failureMessages":[],"fullName":"UC-07 | Portfolio Management – Retrieval TC50 – Get portfolios by user_id returns array","invocations":1,"location":null,"numPassingAsserts":1,"retryReasons":[],"status":"passed","title":"TC50 – Get portfolios by user_id returns array"},{"ancestorTitles":["UC-07 | Portfolio Management – Retrieval"],"duration":18,"failureDetails":[],"failureMessages":[],"fullName":"UC-07 | Portfolio Management – Retrieval TC51 – Get total capital with no strategies returns 404","invocations":1,"location":null,"numPassingAsserts":1,"retryReasons":[],"status":"passed","title":"TC51 – Get total capital with no strategies returns 404"},{"ancestorTitles":["UC-07 | Portfolio Management – Update & Delete"],"duration":18,"failureDetails":[],"failureMessages":[],"fullName":"UC-07 | Portfolio Management – Update & Delete TC52 – Update portfolio name returns 200","invocations":1,"location":null,"numPassingAsserts":2,"retryReasons":[],"status":"passed","title":"TC52 – Update portfolio name returns 200"},{"ancestorTitles":["UC-07 | Portfolio Management – Update & Delete"],"duration":12,"failureDetails":[],"failureMessages":[],"fullName":"UC-07 | Portfolio Management – Update & Delete TC53 – Invalid strategy selection (bad portfolio_id) returns 400 or 404","invocations":1,"location":null,"numPassingAsserts":1,"retryReasons":[],"status":"passed","title":"TC53 – Invalid strategy selection (bad portfolio_id) returns 400 or 404"},{"ancestorTitles":["UC-07 | Portfolio Management – Update & Delete"],"duration":15,"failureDetails":[],"failureMessages":[],"fullName":"UC-07 | Portfolio Management – Update & Delete TC54 – Delete portfolio returns 200","invocations":1,"location":null,"numPassingAsserts":1,"retryReasons":[],"status":"passed","title":"TC54 – Delete portfolio returns 200"}],"endTime":1781523204013,"message":"","name":"C:\\Users\\Qadri Laptop\\OneDrive\\Documents\\stratify_updated\\Stratify\\tests\\api\\uc07.portfolio.test.js","startTime":1781523203123,"status":"passed","summary":""},{"assertionResults":[{"ancestorTitles":["UC-03 | Run Backtest"],"duration":100,"failureDetails":[],"failureMessages":[],"fullName":"UC-03 | Run Backtest TC20 – Successful backtest execution returns 201 with results","invocations":1,"location":null,"numPassingAsserts":4,"retryReasons":[],"status":"passed","title":"TC20 – Successful backtest execution returns 201 with results"},{"ancestorTitles":["UC-03 | Run Backtest"],"duration":17,"failureDetails":[],"failureMessages":[],"fullName":"UC-03 | Run Backtest TC21 – Missing required fields returns 400","invocations":1,"location":null,"numPassingAsserts":2,"retryReasons":[],"status":"passed","title":"TC21 – Missing required fields returns 400"},{"ancestorTitles":["UC-03 | Run Backtest"],"duration":19,"failureDetails":[],"failureMessages":[],"fullName":"UC-03 | Run Backtest TC22 – Non-existent strategy_id returns 404","invocations":1,"location":null,"numPassingAsserts":1,"retryReasons":[],"status":"passed","title":"TC22 – Non-existent strategy_id returns 404"},{"ancestorTitles":["UC-03 | Backtest Retrieval"],"duration":16,"failureDetails":[],"failureMessages":[],"fullName":"UC-03 | Backtest Retrieval TC23 – Get all backtests returns 200 or 404","invocations":1,"location":null,"numPassingAsserts":1,"retryReasons":[],"status":"passed","title":"TC23 – Get all backtests returns 200 or 404"},{"ancestorTitles":["UC-03 | Backtest Retrieval"],"duration":15,"failureDetails":[],"failureMessages":[],"fullName":"UC-03 | Backtest Retrieval TC24 – Get backtest by valid ID returns 200","invocations":1,"location":null,"numPassingAsserts":1,"retryReasons":[],"status":"passed","title":"TC24 – Get backtest by valid ID returns 200"},{"ancestorTitles":["UC-03 | Backtest Retrieval"],"duration":20,"failureDetails":[],"failureMessages":[],"fullName":"UC-03 | Backtest Retrieval TC25 – Get backtests by strategy_id returns 200 or 404","invocations":1,"location":null,"numPassingAsserts":1,"retryReasons":[],"status":"passed","title":"TC25 – Get backtests by strategy_id returns 200 or 404"},{"ancestorTitles":["UC-03 | Backtest Retrieval"],"duration":14,"failureDetails":[],"failureMessages":[],"fullName":"UC-03 | Backtest Retrieval TC26 – Get backtests by invalid user_id returns 404","invocations":1,"location":null,"numPassingAsserts":1,"retryReasons":[],"status":"passed","title":"TC26 – Get backtests by invalid user_id returns 404"},{"ancestorTitles":["UC-03 | Delete Backtest"],"duration":15,"failureDetails":[],"failureMessages":[],"fullName":"UC-03 | Delete Backtest TC27 – Delete backtest by valid ID returns 200","invocations":1,"location":null,"numPassingAsserts":1,"retryReasons":[],"status":"passed","title":"TC27 – Delete backtest by valid ID returns 200"}],"endTime":1781523204893,"message":"","name":"C:\\Users\\Qadri Laptop\\OneDrive\\Documents\\stratify_updated\\Stratify\\tests\\api\\uc03.backtest.test.js","startTime":1781523204020,"status":"passed","summary":""},{"assertionResults":[{"ancestorTitles":["UC-04 | Sentiment Analysis"],"duration":44,"failureDetails":[],"failureMessages":[],"fullName":"UC-04 | Sentiment Analysis TC28 – Valid pair returns sentiment result with score","invocations":1,"location":null,"numPassingAsserts":2,"retryReasons":[],"status":"passed","title":"TC28 – Valid pair returns sentiment result with score"},{"ancestorTitles":["UC-04 | Sentiment Analysis"],"duration":19,"failureDetails":[],"failureMessages":[],"fullName":"UC-04 | Sentiment Analysis TC29 – Empty payload returns 400 or descriptive error","invocations":1,"location":null,"numPassingAsserts":1,"retryReasons":[],"status":"passed","title":"TC29 – Empty payload returns 400 or descriptive error"},{"ancestorTitles":["UC-04 | Sentiment Analysis"],"duration":72,"failureDetails":[],"failureMessages":[],"fullName":"UC-04 | Sentiment Analysis TC30 – Unknown / obscure pair is handled without crashing","invocations":1,"location":null,"numPassingAsserts":1,"retryReasons":[],"status":"passed","title":"TC30 – Unknown / obscure pair is handled without crashing"}],"endTime":1781523205570,"message":"","name":"C:\\Users\\Qadri Laptop\\OneDrive\\Documents\\stratify_updated\\Stratify\\tests\\api\\uc04.sentiment.test.js","startTime":1781523204903,"status":"passed","summary":""}],"wasInterrupted":false}
